<?xml version="1.0" encoding="UTF-8"?>
<!-- Generated by org.testng.reporters.JUnitReportReporter -->
<testsuite hostname="DESKTOP-BFMNPFK" failures="0" tests="1" name="COM.HRMS.TESTSCRIPT.addemp_testscript" time="4.750" errors="0" timestamp="24 Jan 2024 14:30:32 GMT">
  <testcase classname="COM.HRMS.TESTSCRIPT.addemp_testscript" name="m" time="4.750"/>
</testsuite> <!-- COM.HRMS.TESTSCRIPT.addemp_testscript -->
